# JRE version: OpenJDK Runtime Environment (8.0_202-b03) (build 1.8.0_202-release-1483-b03)
# Java VM: OpenJDK 64-Bit Server VM (25.202-b03 mixed mode windows-amd64 compressed oops)
Heap:
 PSYoungGen      total 189952K, used 143362K [0x00000000e0000000, 0x00000000eed00000, 0x0000000100000000)
  eden space 163840K, 80% used [0x00000000e0000000,0x00000000e814a368,0x00000000ea000000)
  from space 26112K, 42% used [0x00000000ea000000,0x00000000eaab6708,0x00000000eb980000)
  to   space 24576K, 0% used [0x00000000ed500000,0x00000000ed500000,0x00000000eed00000)
 ParOldGen       total 129536K, used 58285K [0x00000000a0000000, 0x00000000a7e80000, 0x00000000e0000000)
  object space 129536K, 44% used [0x00000000a0000000,0x00000000a38eb498,0x00000000a7e80000)
 Metaspace       used 75890K, capacity 79092K, committed 79256K, reserved 1118208K
  class space    used 10203K, capacity 10903K, committed 10920K, reserved 1048576K
GC Heap History (10 events):
Event: 14.195 GC heap before
{Heap before GC invocations=18 (full 3):
 PSYoungGen      total 119296K, used 320K [0x00000000e0000000, 0x00000000eb100000, 0x0000000100000000)
  eden space 103424K, 0% used [0x00000000e0000000,0x00000000e0000000,0x00000000e6500000)
  from space 15872K, 2% used [0x00000000e6500000,0x00000000e6550000,0x00000000e7480000)
  to   space 16384K, 0% used [0x00000000ea100000,0x00000000ea100000,0x00000000eb100000)
 ParOldGen       total 98304K, used 34075K [0x00000000a0000000, 0x00000000a6000000, 0x00000000e0000000)
  object space 98304K, 34% used [0x00000000a0000000,0x00000000a2146e60,0x00000000a6000000)
 Metaspace       used 57374K, capacity 59058K, committed 59160K, reserved 1099776K
  class space    used 7752K, capacity 8134K, committed 8232K, reserved 1048576K
Event: 14.466 GC heap after
Heap after GC invocations=18 (full 3):
 PSYoungGen      total 119296K, used 0K [0x00000000e0000000, 0x00000000eb100000, 0x0000000100000000)
  eden space 103424K, 0% used [0x00000000e0000000,0x00000000e0000000,0x00000000e6500000)
  from space 15872K, 0% used [0x00000000e6500000,0x00000000e6500000,0x00000000e7480000)
  to   space 16384K, 0% used [0x00000000ea100000,0x00000000ea100000,0x00000000eb100000)
 ParOldGen       total 129536K, used 30162K [0x00000000a0000000, 0x00000000a7e80000, 0x00000000e0000000)
  object space 129536K, 23% used [0x00000000a0000000,0x00000000a1d74ae0,0x00000000a7e80000)
 Metaspace       used 57374K, capacity 59058K, committed 59160K, reserved 1099776K
  class space    used 7752K, capacity 8134K, committed 8232K, reserved 1048576K
}
Event: 15.920 GC heap before
{Heap before GC invocations=19 (full 3):
 PSYoungGen      total 119296K, used 103424K [0x00000000e0000000, 0x00000000eb100000, 0x0000000100000000)
  eden space 103424K, 100% used [0x00000000e0000000,0x00000000e6500000,0x00000000e6500000)
  from space 15872K, 0% used [0x00000000e6500000,0x00000000e6500000,0x00000000e7480000)
  to   space 16384K, 0% used [0x00000000ea100000,0x00000000ea100000,0x00000000eb100000)
 ParOldGen       total 129536K, used 30162K [0x00000000a0000000, 0x00000000a7e80000, 0x00000000e0000000)
  object space 129536K, 23% used [0x00000000a0000000,0x00000000a1d74ae0,0x00000000a7e80000)
 Metaspace       used 61346K, capacity 63584K, committed 63896K, reserved 1103872K
  class space    used 8253K, capacity 8793K, committed 8872K, reserved 1048576K
Event: 15.932 GC heap after
Heap after GC invocations=19 (full 3):
 PSYoungGen      total 153088K, used 11800K [0x00000000e0000000, 0x00000000ead00000, 0x0000000100000000)
  eden space 140800K, 0% used [0x00000000e0000000,0x00000000e0000000,0x00000000e8980000)
  from space 12288K, 96% used [0x00000000ea100000,0x00000000eac86108,0x00000000ead00000)
  to   space 17408K, 0% used [0x00000000e8b00000,0x00000000e8b00000,0x00000000e9c00000)
 ParOldGen       total 129536K, used 30170K [0x00000000a0000000, 0x00000000a7e80000, 0x00000000e0000000)
  object space 129536K, 23% used [0x00000000a0000000,0x00000000a1d76ae0,0x00000000a7e80000)
 Metaspace       used 61346K, capacity 63584K, committed 63896K, reserved 1103872K
  class space    used 8253K, capacity 8793K, committed 8872K, reserved 1048576K
}
Event: 18.203 GC heap before
{Heap before GC invocations=20 (full 3):
 PSYoungGen      total 153088K, used 152600K [0x00000000e0000000, 0x00000000ead00000, 0x0000000100000000)
  eden space 140800K, 100% used [0x00000000e0000000,0x00000000e8980000,0x00000000e8980000)
  from space 12288K, 96% used [0x00000000ea100000,0x00000000eac86108,0x00000000ead00000)
  to   space 17408K, 0% used [0x00000000e8b00000,0x00000000e8b00000,0x00000000e9c00000)
 ParOldGen       total 129536K, used 30170K [0x00000000a0000000, 0x00000000a7e80000, 0x00000000e0000000)
  object space 129536K, 23% used [0x00000000a0000000,0x00000000a1d76ae0,0x00000000a7e80000)
 Metaspace       used 64344K, capacity 67000K, committed 67096K, reserved 1107968K
  class space    used 8591K, capacity 9225K, committed 9256K, reserved 1048576K
Event: 18.231 GC heap after
Heap after GC invocations=20 (full 3):
 PSYoungGen      total 159744K, used 14020K [0x00000000e0000000, 0x00000000ecb80000, 0x0000000100000000)
  eden space 142336K, 0% used [0x00000000e0000000,0x00000000e0000000,0x00000000e8b00000)
  from space 17408K, 80% used [0x00000000e8b00000,0x00000000e98b1218,0x00000000e9c00000)
  to   space 18432K, 0% used [0x00000000eb980000,0x00000000eb980000,0x00000000ecb80000)
 ParOldGen       total 129536K, used 39551K [0x00000000a0000000, 0x00000000a7e80000, 0x00000000e0000000)
  object space 129536K, 30% used [0x00000000a0000000,0x00000000a269ff98,0x00000000a7e80000)
 Metaspace       used 64344K, capacity 67000K, committed 67096K, reserved 1107968K
  class space    used 8591K, capacity 9225K, committed 9256K, reserved 1048576K
}
Event: 20.395 GC heap before
{Heap before GC invocations=21 (full 3):
 PSYoungGen      total 159744K, used 156356K [0x00000000e0000000, 0x00000000ecb80000, 0x0000000100000000)
  eden space 142336K, 100% used [0x00000000e0000000,0x00000000e8b00000,0x00000000e8b00000)
  from space 17408K, 80% used [0x00000000e8b00000,0x00000000e98b1218,0x00000000e9c00000)
  to   space 18432K, 0% used [0x00000000eb980000,0x00000000eb980000,0x00000000ecb80000)
 ParOldGen       total 129536K, used 39551K [0x00000000a0000000, 0x00000000a7e80000, 0x00000000e0000000)
  object space 129536K, 30% used [0x00000000a0000000,0x00000000a269ff98,0x00000000a7e80000)
 Metaspace       used 68671K, capacity 71440K, committed 71576K, reserved 1112064K
  class space    used 9167K, capacity 9833K, committed 9896K, reserved 1048576K
Event: 20.426 GC heap after
Heap after GC invocations=21 (full 3):
 PSYoungGen      total 182272K, used 18417K [0x00000000e0000000, 0x00000000eda80000, 0x0000000100000000)
  eden space 163840K, 0% used [0x00000000e0000000,0x00000000e0000000,0x00000000ea000000)
  from space 18432K, 99% used [0x00000000eb980000,0x00000000ecb7c408,0x00000000ecb80000)
  to   space 26112K, 0% used [0x00000000ea000000,0x00000000ea000000,0x00000000eb980000)
 ParOldGen       total 129536K, used 52728K [0x00000000a0000000, 0x00000000a7e80000, 0x00000000e0000000)
  object space 129536K, 40% used [0x00000000a0000000,0x00000000a337e3f8,0x00000000a7e80000)
 Metaspace       used 68671K, capacity 71440K, committed 71576K, reserved 1112064K
  class space    used 9167K, capacity 9833K, committed 9896K, reserved 1048576K
}
Event: 24.997 GC heap before
{Heap before GC invocations=22 (full 3):
 PSYoungGen      total 182272K, used 182257K [0x00000000e0000000, 0x00000000eda80000, 0x0000000100000000)
  eden space 163840K, 100% used [0x00000000e0000000,0x00000000ea000000,0x00000000ea000000)
  from space 18432K, 99% used [0x00000000eb980000,0x00000000ecb7c408,0x00000000ecb80000)
  to   space 26112K, 0% used [0x00000000ea000000,0x00000000ea000000,0x00000000eb980000)
 ParOldGen       total 129536K, used 52728K [0x00000000a0000000, 0x00000000a7e80000, 0x00000000e0000000)
  object space 129536K, 40% used [0x00000000a0000000,0x00000000a337e3f8,0x00000000a7e80000)
 Metaspace       used 72837K, capacity 75728K, committed 75928K, reserved 1114112K
  class space    used 9736K, capacity 10379K, committed 10408K, reserved 1048576K
Event: 25.026 GC heap after
Heap after GC invocations=22 (full 3):
 PSYoungGen      total 189952K, used 10969K [0x00000000e0000000, 0x00000000eed00000, 0x0000000100000000)
  eden space 163840K, 0% used [0x00000000e0000000,0x00000000e0000000,0x00000000ea000000)
  from space 26112K, 42% used [0x00000000ea000000,0x00000000eaab6708,0x00000000eb980000)
  to   space 24576K, 0% used [0x00000000ed500000,0x00000000ed500000,0x00000000eed00000)
 ParOldGen       total 129536K, used 58285K [0x00000000a0000000, 0x00000000a7e80000, 0x00000000e0000000)
  object space 129536K, 44% used [0x00000000a0000000,0x00000000a38eb498,0x00000000a7e80000)
 Metaspace       used 72837K, capacity 75728K, committed 75928K, reserved 1114112K
  class space    used 9736K, capacity 10379K, committed 10408K, reserved 1048576K
}

